Using pre-set license

 COMMAND LINE ARGUMENTS:
/Applications/2020.3.3f1/Unity.app/Contents/MacOS/Unity
-adb2
-batchMode
-noUpm
-name
AssetImportWorker0
-projectPath
/Users/seochan/Documents/chans coding/unity_1/Chans RPG
-logFile
Logs/AssetImportWorker0.log
-srvPort
49449
Successfully changed project path to: /Users/seochan/Documents/chans coding/unity_1/Chans RPG
/Users/seochan/Documents/chans coding/unity_1/Chans RPG
Using Asset Import Pipeline V2.
Refreshing native plugins compatible for Editor in 32.65 ms, found 2 plugins.
Preloading 0 native plugins for Editor in 0.00 ms.
Initialize engine version: 2020.3.3f1 (76626098c1c4)
[Subsystems] Discovering subsystems at path /Applications/2020.3.3f1/Unity.app/Contents/Resources/UnitySubsystems
[Subsystems] Discovering subsystems at path /Users/seochan/Documents/chans coding/unity_1/Chans RPG/Assets
GfxDevice: creating device client; threaded=0
2021-05-05 21:51:40.411 Unity[1583:26058] (null) preferred device: Apple M1 (high power)
2021-05-05 21:51:40.411 Unity[1583:26058] Metal devices available: 1
2021-05-05 21:51:40.411 Unity[1583:26058] 0: Apple M1 (high power)
2021-05-05 21:51:40.411 Unity[1583:26058] Using device Apple M1 (high power)
Initializing Metal device caps: Apple M1
Initialize mono
Mono path[0] = '/Applications/2020.3.3f1/Unity.app/Contents/Managed'
Mono path[1] = '/Applications/2020.3.3f1/Unity.app/Contents/MonoBleedingEdge/lib/mono/unityjit'
Mono config path = '/Applications/2020.3.3f1/Unity.app/Contents/MonoBleedingEdge/etc'
Using monoOptions --debugger-agent=transport=dt_socket,embedding=1,server=y,suspend=n,address=127.0.0.1:56583
Begin MonoManager ReloadAssembly
Registering precompiled unity dll's ...
Register platform support module: /Applications/2020.3.3f1/PlaybackEngines/WebGLSupport/UnityEditor.WebGL.Extensions.dll
Register platform support module: /Applications/2020.3.3f1/Unity.app/Contents/PlaybackEngines/MacStandaloneSupport/UnityEditor.OSXStandalone.Extensions.dll
Registered in 0.002939 seconds.
Native extension for OSXStandalone target not found
Native extension for WebGL target not found
Refreshing native plugins compatible for Editor in 32.25 ms, found 2 plugins.
Preloading 0 native plugins for Editor in 0.00 ms.
Invoked RoslynAnalysisRunner static constructor.
RoslynAnalysisRunner will not be running.
RoslynAnalysisRunner has terminated.
Mono: successfully reloaded assembly
- Completed reload, in  1.850 seconds
Platform modules already initialized, skipping
Registering precompiled user dll's ...
Registered in 0.000587 seconds.
Begin MonoManager ReloadAssembly
Native extension for OSXStandalone target not found
Native extension for WebGL target not found
Refreshing native plugins compatible for Editor in 32.25 ms, found 2 plugins.
Preloading 0 native plugins for Editor in 0.00 ms.
Invoked RoslynAnalysisRunner static constructor.
RoslynAnalysisRunner will not be running.
RoslynAnalysisRunner has terminated.
Mono: successfully reloaded assembly
- Completed reload, in  1.958 seconds
Platform modules already initialized, skipping
========================================================================
Worker process is ready to serve import requests
Launching external process: /Applications/2020.3.3f1/Unity.app/Contents/Tools/UnityShaderCompiler
Launched and connected shader compiler UnityShaderCompiler after 0.03 seconds
Refreshing native plugins compatible for Editor in 0.29 ms, found 2 plugins.
Preloading 0 native plugins for Editor in 0.00 ms.
Unloading 1820 Unused Serialized files (Serialized files now loaded: 0)
System memory in use before: 147.5 MB.
System memory in use after: 147.5 MB.

Unloading 24 unused Assets to reduce memory usage. Loaded Objects now: 2262.
Total: 1.631708 ms (FindLiveObjects: 0.149917 ms CreateObjectMapping: 0.036500 ms MarkObjects: 1.323208 ms  DeleteObjects: 0.121042 ms)

========================================================================
Received Import Request.
  path: Assets
  artifactKey: Guid(00000000000000001000000000000000) Importer(815301076,1909f56bfc062723c751e8b465ee728b)
Start importing Assets using Guid(00000000000000001000000000000000) Importer(815301076,1909f56bfc062723c751e8b465ee728b)  -> (artifact id: 'b2e0e235c0f4af3754229b664788db90') in 0.007964 seconds
  Import took 0.010248 seconds .

========================================================================
Received Import Request.
  Time since last request: 30.081327 seconds.
  path: Assets/TopDown 2D RPG BE3/App Icon.png
  artifactKey: Guid(e15a0aaf619d8aa429bd091186fb29a2) Importer(815301076,1909f56bfc062723c751e8b465ee728b)
Start importing Assets/TopDown 2D RPG BE3/App Icon.png using Guid(e15a0aaf619d8aa429bd091186fb29a2) Importer(815301076,1909f56bfc062723c751e8b465ee728b)  -> (artifact id: '8fce9275f23142ebd1ba0c24c6186763') in 0.758512 seconds
  Import took 0.761148 seconds .

========================================================================
Received Import Request.
  Time since last request: 0.000283 seconds.
  path: Assets/TopDown 2D RPG BE3/Readme.asset
  artifactKey: Guid(4ff280a9fdc784d46beb69b6da783245) Importer(815301076,1909f56bfc062723c751e8b465ee728b)
Start importing Assets/TopDown 2D RPG BE3/Readme.asset using Guid(4ff280a9fdc784d46beb69b6da783245) Importer(815301076,1909f56bfc062723c751e8b465ee728b)  -> (artifact id: '14141579f85309e273514fa0390dfe29') in 0.571765 seconds
  Import took 0.573859 seconds .

========================================================================
Received Prepare
Registering precompiled user dll's ...
Registered in 0.000678 seconds.
Begin MonoManager ReloadAssembly
Native extension for OSXStandalone target not found
Native extension for WebGL target not found
Refreshing native plugins compatible for Editor in 0.37 ms, found 2 plugins.
Preloading 0 native plugins for Editor in 0.00 ms.
Invoked RoslynAnalysisRunner static constructor.
RoslynAnalysisRunner will not be running.
RoslynAnalysisRunner has terminated.
Mono: successfully reloaded assembly
- Completed reload, in  2.317 seconds
Platform modules already initialized, skipping
Refreshing native plugins compatible for Editor in 0.30 ms, found 2 plugins.
Preloading 0 native plugins for Editor in 0.00 ms.
Unloading 1815 Unused Serialized files (Serialized files now loaded: 0)
System memory in use before: 159.5 MB.
System memory in use after: 159.5 MB.

Unloading 12 unused Assets to reduce memory usage. Loaded Objects now: 2272.
Total: 1.833000 ms (FindLiveObjects: 0.220750 ms CreateObjectMapping: 0.041375 ms MarkObjects: 1.449459 ms  DeleteObjects: 0.119792 ms)

========================================================================
Received Import Request.
  Time since last request: 247.246292 seconds.
  path: Assets/Tiles 1
  artifactKey: Guid(f03b3016bcc582043b27ae775025ef88) Importer(815301076,1909f56bfc062723c751e8b465ee728b)
Start importing Assets/Tiles 1 using Guid(f03b3016bcc582043b27ae775025ef88) Importer(815301076,1909f56bfc062723c751e8b465ee728b)  -> (artifact id: 'cde62cbb4841c3a4453d67c40803c1ca') in 0.017217 seconds
  Import took 0.026719 seconds .

========================================================================
Received Import Request.
  Time since last request: 0.026797 seconds.
  path: Assets/Tiles 1
  artifactKey: Guid(f03b3016bcc582043b27ae775025ef88) Importer(815301076,1909f56bfc062723c751e8b465ee728b)
Start importing Assets/Tiles 1 using Guid(f03b3016bcc582043b27ae775025ef88) Importer(815301076,1909f56bfc062723c751e8b465ee728b)  -> (artifact id: 'cde62cbb4841c3a4453d67c40803c1ca') in 0.000665 seconds
  Import took 0.003191 seconds .

========================================================================
Received Import Request.
  Time since last request: 0.152987 seconds.
  path: Assets/Tiles
  artifactKey: Guid(86aeedb511333af45943236d5d6be1b4) Importer(815301076,1909f56bfc062723c751e8b465ee728b)
Start importing Assets/Tiles using Guid(86aeedb511333af45943236d5d6be1b4) Importer(815301076,1909f56bfc062723c751e8b465ee728b)  -> (artifact id: 'f61c12b1c53fb83193a50a049d7eb582') in 0.000802 seconds
  Import took 0.003223 seconds .

========================================================================
Received Prepare
Registering precompiled user dll's ...
Registered in 0.002572 seconds.
Begin MonoManager ReloadAssembly
Native extension for OSXStandalone target not found
Native extension for WebGL target not found
Refreshing native plugins compatible for Editor in 0.31 ms, found 2 plugins.
Preloading 0 native plugins for Editor in 0.00 ms.
Invoked RoslynAnalysisRunner static constructor.
RoslynAnalysisRunner will not be running.
RoslynAnalysisRunner has terminated.
Mono: successfully reloaded assembly
- Completed reload, in  1.878 seconds
Platform modules already initialized, skipping
Refreshing native plugins compatible for Editor in 0.25 ms, found 2 plugins.
Preloading 0 native plugins for Editor in 0.00 ms.
Unloading 1843 Unused Serialized files (Serialized files now loaded: 0)
System memory in use before: 161.5 MB.
System memory in use after: 161.2 MB.

Unloading 13 unused Assets to reduce memory usage. Loaded Objects now: 2303.
Total: 1.670333 ms (FindLiveObjects: 0.134375 ms CreateObjectMapping: 0.037584 ms MarkObjects: 1.204834 ms  DeleteObjects: 0.292875 ms)

========================================================================
Received Import Request.
  Time since last request: 409.272137 seconds.
  path: Assets/New Folder
  artifactKey: Guid(616c1797fd8fe4a43b3e09520d7c6109) Importer(815301076,1909f56bfc062723c751e8b465ee728b)
Start importing Assets/New Folder using Guid(616c1797fd8fe4a43b3e09520d7c6109) Importer(815301076,1909f56bfc062723c751e8b465ee728b)  -> (artifact id: '31a6a6debf8047ae563b34a5c8f64289') in 0.006786 seconds
  Import took 0.009572 seconds .

========================================================================
Received Import Request.
  Time since last request: 3.784600 seconds.
  path: Assets/2d-extras-2020.3
  artifactKey: Guid(b4945279ea84b4f378bd5c1f922096a4) Importer(815301076,1909f56bfc062723c751e8b465ee728b)
Start importing Assets/2d-extras-2020.3 using Guid(b4945279ea84b4f378bd5c1f922096a4) Importer(815301076,1909f56bfc062723c751e8b465ee728b)  -> (artifact id: 'ccb66caa7f632ce35f7ab70a989f17cd') in 0.001148 seconds
  Import took 0.004475 seconds .

========================================================================
Received Import Request.
  Time since last request: 1.102272 seconds.
  path: Assets/2d-extras-1.5.0-preview
  artifactKey: Guid(3f8acceaa36384ae5ba10569544fce08) Importer(815301076,1909f56bfc062723c751e8b465ee728b)
Start importing Assets/2d-extras-1.5.0-preview using Guid(3f8acceaa36384ae5ba10569544fce08) Importer(815301076,1909f56bfc062723c751e8b465ee728b)  -> (artifact id: '7b35a9c1c99c229b07945a88a2399774') in 0.000942 seconds
  Import took 0.004123 seconds .

========================================================================
Received Import Request.
  Time since last request: 0.000274 seconds.
  path: Assets/2d-extras-1.5.0-preview
  artifactKey: Guid(3f8acceaa36384ae5ba10569544fce08) Importer(815301076,1909f56bfc062723c751e8b465ee728b)
Start importing Assets/2d-extras-1.5.0-preview using Guid(3f8acceaa36384ae5ba10569544fce08) Importer(815301076,1909f56bfc062723c751e8b465ee728b)  -> (artifact id: '7b35a9c1c99c229b07945a88a2399774') in 0.000668 seconds
  Import took 0.003016 seconds .

========================================================================
Received Import Request.
  Time since last request: 4.941542 seconds.
  path: Assets/2d-extras-2020.3/Tests/Editor/Unity.2D.Tilemap.Extras.EditorTests.asmdef
  artifactKey: Guid(6e1c163768a31b44ba01cc5392db861e) Importer(815301076,1909f56bfc062723c751e8b465ee728b)
Start importing Assets/2d-extras-2020.3/Tests/Editor/Unity.2D.Tilemap.Extras.EditorTests.asmdef using Guid(6e1c163768a31b44ba01cc5392db861e) Importer(815301076,1909f56bfc062723c751e8b465ee728b)  -> (artifact id: '9bf884c55386b71f35aa4eade584e422') in 0.242175 seconds
  Import took 0.246417 seconds .

========================================================================
Received Import Request.
  Time since last request: 0.000388 seconds.
  path: Assets/2d-extras-2020.3/Tests/Editor/Unity.2D.Tilemap.Extras.EditorTests.asmdef
  artifactKey: Guid(6e1c163768a31b44ba01cc5392db861e) Importer(815301076,1909f56bfc062723c751e8b465ee728b)
Start importing Assets/2d-extras-2020.3/Tests/Editor/Unity.2D.Tilemap.Extras.EditorTests.asmdef using Guid(6e1c163768a31b44ba01cc5392db861e) Importer(815301076,1909f56bfc062723c751e8b465ee728b)  -> (artifact id: '9bf884c55386b71f35aa4eade584e422') in 0.001027 seconds
  Import took 0.003766 seconds .

