Using pre-set license

 COMMAND LINE ARGUMENTS:
/Applications/2020.3.3f1/Unity.app/Contents/MacOS/Unity
-adb2
-batchMode
-noUpm
-name
AssetImportWorker0
-projectPath
/Users/seochan/Desktop/New Unity Project
-logFile
Logs/AssetImportWorker0.log
-srvPort
49964
Successfully changed project path to: /Users/seochan/Desktop/New Unity Project
/Users/seochan/Desktop/New Unity Project
Using Asset Import Pipeline V2.
Refreshing native plugins compatible for Editor in 21.30 ms, found 1 plugins.
Preloading 0 native plugins for Editor in 0.00 ms.
Initialize engine version: 2020.3.3f1 (76626098c1c4)
[Subsystems] Discovering subsystems at path /Applications/2020.3.3f1/Unity.app/Contents/Resources/UnitySubsystems
[Subsystems] Discovering subsystems at path /Users/seochan/Desktop/New Unity Project/Assets
GfxDevice: creating device client; threaded=0
2021-04-26 11:01:29.252 Unity[2244:35359] (null) preferred device: Apple M1 (high power)
2021-04-26 11:01:29.252 Unity[2244:35359] Metal devices available: 1
2021-04-26 11:01:29.252 Unity[2244:35359] 0: Apple M1 (high power)
2021-04-26 11:01:29.252 Unity[2244:35359] Using device Apple M1 (high power)
Initializing Metal device caps: Apple M1
Initialize mono
Mono path[0] = '/Applications/2020.3.3f1/Unity.app/Contents/Managed'
Mono path[1] = '/Applications/2020.3.3f1/Unity.app/Contents/MonoBleedingEdge/lib/mono/unityjit'
Mono config path = '/Applications/2020.3.3f1/Unity.app/Contents/MonoBleedingEdge/etc'
Using monoOptions --debugger-agent=transport=dt_socket,embedding=1,server=y,suspend=n,address=127.0.0.1:56244
Begin MonoManager ReloadAssembly
Registering precompiled unity dll's ...
Register platform support module: /Applications/2020.3.3f1/PlaybackEngines/WebGLSupport/UnityEditor.WebGL.Extensions.dll
Register platform support module: /Applications/2020.3.3f1/Unity.app/Contents/PlaybackEngines/MacStandaloneSupport/UnityEditor.OSXStandalone.Extensions.dll
Registered in 0.002352 seconds.
Native extension for OSXStandalone target not found
Native extension for WebGL target not found
Refreshing native plugins compatible for Editor in 24.71 ms, found 1 plugins.
Preloading 0 native plugins for Editor in 0.00 ms.
Invoked RoslynAnalysisRunner static constructor.
RoslynAnalysisRunner will not be running.
RoslynAnalysisRunner has terminated.
Mono: successfully reloaded assembly
- Completed reload, in  1.823 seconds
Platform modules already initialized, skipping
Registering precompiled user dll's ...
Registered in 0.001622 seconds.
Begin MonoManager ReloadAssembly
Native extension for OSXStandalone target not found
Native extension for WebGL target not found
Refreshing native plugins compatible for Editor in 0.22 ms, found 1 plugins.
Preloading 0 native plugins for Editor in 0.00 ms.
Invoked RoslynAnalysisRunner static constructor.
RoslynAnalysisRunner will not be running.
RoslynAnalysisRunner has terminated.
Mono: successfully reloaded assembly
- Completed reload, in  1.866 seconds
Platform modules already initialized, skipping
========================================================================
Worker process is ready to serve import requests
Launching external process: /Applications/2020.3.3f1/Unity.app/Contents/Tools/UnityShaderCompiler
Launched and connected shader compiler UnityShaderCompiler after 0.03 seconds
Refreshing native plugins compatible for Editor in 0.20 ms, found 1 plugins.
Preloading 0 native plugins for Editor in 0.00 ms.
Unloading 1116 Unused Serialized files (Serialized files now loaded: 0)
System memory in use before: 111.5 MB.
System memory in use after: 111.5 MB.

Unloading 10 unused Assets to reduce memory usage. Loaded Objects now: 1558.
Total: 1.208083 ms (FindLiveObjects: 0.098333 ms CreateObjectMapping: 0.022958 ms MarkObjects: 1.013833 ms  DeleteObjects: 0.072042 ms)

========================================================================
Received Import Request.
  path: Assets/My Ball.mat
  artifactKey: Guid(fcd852cf4a12e42aca06b97e9a728cf8) Importer(815301076,1909f56bfc062723c751e8b465ee728b)
Start importing Assets/My Ball.mat using Guid(fcd852cf4a12e42aca06b97e9a728cf8) Importer(815301076,1909f56bfc062723c751e8b465ee728b)  -> (artifact id: '62de61e2516e86bc17eade23bd3d53bb') in 0.917369 seconds
  Import took 0.919302 seconds .

========================================================================
Received Import Request.
  Time since last request: 55.026161 seconds.
  path: Assets/other ball.cs
  artifactKey: Guid(a9c22111397134ef59378dac90612cee) Importer(815301076,1909f56bfc062723c751e8b465ee728b)
Start importing Assets/other ball.cs using Guid(a9c22111397134ef59378dac90612cee) Importer(815301076,1909f56bfc062723c751e8b465ee728b)  -> (artifact id: '6297b6993cda6ed32ad17052b34b2906') in 0.178681 seconds
  Import took 0.180351 seconds .

========================================================================
Received Import Request.
  Time since last request: 277.978203 seconds.
  path: Assets/other ball.cs
  artifactKey: Guid(a9c22111397134ef59378dac90612cee) Importer(815301076,1909f56bfc062723c751e8b465ee728b)
Start importing Assets/other ball.cs using Guid(a9c22111397134ef59378dac90612cee) Importer(815301076,1909f56bfc062723c751e8b465ee728b)  -> (artifact id: '048189a567dc977f4a32e557c59fedd2') in 0.003850 seconds
  Import took 0.006282 seconds .

========================================================================
Received Import Request.
  Time since last request: 62.930374 seconds.
  path: Assets/other ball.cs
  artifactKey: Guid(a9c22111397134ef59378dac90612cee) Importer(815301076,1909f56bfc062723c751e8b465ee728b)
Start importing Assets/other ball.cs using Guid(a9c22111397134ef59378dac90612cee) Importer(815301076,1909f56bfc062723c751e8b465ee728b)  -> (artifact id: '895022d1767943bbaaa8b93e954fa0e6') in 0.010151 seconds
  Import took 0.032997 seconds .

========================================================================
Received Import Request.
  Time since last request: 174.548999 seconds.
  path: Assets/p1.cs
  artifactKey: Guid(afc8c024f8f1d4c8589e2097e7e7fe34) Importer(815301076,1909f56bfc062723c751e8b465ee728b)
Start importing Assets/p1.cs using Guid(afc8c024f8f1d4c8589e2097e7e7fe34) Importer(815301076,1909f56bfc062723c751e8b465ee728b)  -> (artifact id: 'c5a9a693b843bbd567f5d58441df29ad') in 0.003214 seconds
  Import took 0.005032 seconds .

========================================================================
Received Prepare
Registering precompiled user dll's ...
Registered in 0.000346 seconds.
Begin MonoManager ReloadAssembly
Native extension for OSXStandalone target not found
Native extension for WebGL target not found
Refreshing native plugins compatible for Editor in 0.23 ms, found 1 plugins.
Preloading 0 native plugins for Editor in 0.00 ms.
Invoked RoslynAnalysisRunner static constructor.
RoslynAnalysisRunner will not be running.
RoslynAnalysisRunner has terminated.
Mono: successfully reloaded assembly
- Completed reload, in  1.672 seconds
Platform modules already initialized, skipping
Refreshing native plugins compatible for Editor in 0.19 ms, found 1 plugins.
Preloading 0 native plugins for Editor in 0.00 ms.
Unloading 1112 Unused Serialized files (Serialized files now loaded: 0)
System memory in use before: 123.8 MB.
System memory in use after: 123.9 MB.

Unloading 5 unused Assets to reduce memory usage. Loaded Objects now: 1602.
Total: 1.216667 ms (FindLiveObjects: 0.142916 ms CreateObjectMapping: 0.023083 ms MarkObjects: 0.979959 ms  DeleteObjects: 0.069500 ms)

========================================================================
Received Prepare
Registering precompiled user dll's ...
Registered in 0.005323 seconds.
Begin MonoManager ReloadAssembly
Native extension for OSXStandalone target not found
Native extension for WebGL target not found
Refreshing native plugins compatible for Editor in 0.18 ms, found 1 plugins.
Preloading 0 native plugins for Editor in 0.00 ms.
Invoked RoslynAnalysisRunner static constructor.
RoslynAnalysisRunner will not be running.
RoslynAnalysisRunner has terminated.
Mono: successfully reloaded assembly
- Completed reload, in  1.648 seconds
Platform modules already initialized, skipping
Refreshing native plugins compatible for Editor in 0.15 ms, found 1 plugins.
Preloading 0 native plugins for Editor in 0.00 ms.
Unloading 1112 Unused Serialized files (Serialized files now loaded: 0)
System memory in use before: 124.0 MB.
System memory in use after: 124.1 MB.

Unloading 5 unused Assets to reduce memory usage. Loaded Objects now: 1605.
Total: 1.123792 ms (FindLiveObjects: 0.086083 ms CreateObjectMapping: 0.024625 ms MarkObjects: 0.966834 ms  DeleteObjects: 0.045500 ms)

========================================================================
Received Import Request.
  Time since last request: 1175.793366 seconds.
  path: Assets/New Font.fontsettings
  artifactKey: Guid(662b47984ee284071b75a8f5d1b0be15) Importer(815301076,1909f56bfc062723c751e8b465ee728b)
Start importing Assets/New Font.fontsettings using Guid(662b47984ee284071b75a8f5d1b0be15) Importer(815301076,1909f56bfc062723c751e8b465ee728b)  -> (artifact id: 'bb777e0dce05aea233516ccb64fb67c6') in 0.226868 seconds
  Import took 0.228686 seconds .

========================================================================
Received Import Request.
  Time since last request: 14.889227 seconds.
  path: Assets/NewUXMLTemplate.uxml
  artifactKey: Guid(1bb0b4b3e549a4636ab37ce5709b541d) Importer(815301076,1909f56bfc062723c751e8b465ee728b)
Start importing Assets/NewUXMLTemplate.uxml using Guid(1bb0b4b3e549a4636ab37ce5709b541d) Importer(815301076,1909f56bfc062723c751e8b465ee728b)  -> (artifact id: '3a30a346bd9fa61f6266796bf3745b2b') in 0.112545 seconds
  Import took 0.114399 seconds .

========================================================================
Received Import Request.
  Time since last request: 6821.002139 seconds.
  path: Assets/other ball.cs
  artifactKey: Guid(a9c22111397134ef59378dac90612cee) Importer(815301076,1909f56bfc062723c751e8b465ee728b)
Start importing Assets/other ball.cs using Guid(a9c22111397134ef59378dac90612cee) Importer(815301076,1909f56bfc062723c751e8b465ee728b)  -> (artifact id: '2e4dce8d5105dbf6723ca2abce9a9460') in 0.009911 seconds
  Import took 0.104390 seconds .

