Using pre-set license

 COMMAND LINE ARGUMENTS:
/Applications/2020.3.3f1/Unity.app/Contents/MacOS/Unity
-adb2
-batchMode
-noUpm
-name
AssetImportWorker0
-projectPath
/Users/seochan/Documents/chans coding/unity_1/prjoect1
-logFile
Logs/AssetImportWorker0.log
-srvPort
49611
Successfully changed project path to: /Users/seochan/Documents/chans coding/unity_1/prjoect1
/Users/seochan/Documents/chans coding/unity_1/prjoect1
Using Asset Import Pipeline V2.
Refreshing native plugins compatible for Editor in 23.64 ms, found 1 plugins.
Preloading 0 native plugins for Editor in 0.00 ms.
Initialize engine version: 2020.3.3f1 (76626098c1c4)
[Subsystems] Discovering subsystems at path /Applications/2020.3.3f1/Unity.app/Contents/Resources/UnitySubsystems
[Subsystems] Discovering subsystems at path /Users/seochan/Documents/chans coding/unity_1/prjoect1/Assets
GfxDevice: creating device client; threaded=0
2021-04-27 11:09:18.133 Unity[967:21474] (null) preferred device: Apple M1 (high power)
2021-04-27 11:09:18.133 Unity[967:21474] Metal devices available: 1
2021-04-27 11:09:18.134 Unity[967:21474] 0: Apple M1 (high power)
2021-04-27 11:09:18.134 Unity[967:21474] Using device Apple M1 (high power)
Initializing Metal device caps: Apple M1
Initialize mono
Mono path[0] = '/Applications/2020.3.3f1/Unity.app/Contents/Managed'
Mono path[1] = '/Applications/2020.3.3f1/Unity.app/Contents/MonoBleedingEdge/lib/mono/unityjit'
Mono config path = '/Applications/2020.3.3f1/Unity.app/Contents/MonoBleedingEdge/etc'
Using monoOptions --debugger-agent=transport=dt_socket,embedding=1,server=y,suspend=n,address=127.0.0.1:56967
Begin MonoManager ReloadAssembly
Registering precompiled unity dll's ...
Register platform support module: /Applications/2020.3.3f1/PlaybackEngines/WebGLSupport/UnityEditor.WebGL.Extensions.dll
Register platform support module: /Applications/2020.3.3f1/Unity.app/Contents/PlaybackEngines/MacStandaloneSupport/UnityEditor.OSXStandalone.Extensions.dll
Registered in 0.000469 seconds.
Native extension for OSXStandalone target not found
Native extension for WebGL target not found
Refreshing native plugins compatible for Editor in 25.18 ms, found 1 plugins.
Preloading 0 native plugins for Editor in 0.00 ms.
Invoked RoslynAnalysisRunner static constructor.
RoslynAnalysisRunner will not be running.
RoslynAnalysisRunner has terminated.
Mono: successfully reloaded assembly
- Completed reload, in  1.851 seconds
Platform modules already initialized, skipping
Registering precompiled user dll's ...
Registered in 0.001562 seconds.
Begin MonoManager ReloadAssembly
Native extension for OSXStandalone target not found
Native extension for WebGL target not found
Refreshing native plugins compatible for Editor in 0.20 ms, found 1 plugins.
Preloading 0 native plugins for Editor in 0.00 ms.
Invoked RoslynAnalysisRunner static constructor.
RoslynAnalysisRunner will not be running.
RoslynAnalysisRunner has terminated.
Mono: successfully reloaded assembly
- Completed reload, in  1.883 seconds
Platform modules already initialized, skipping
========================================================================
Worker process is ready to serve import requests
Launching external process: /Applications/2020.3.3f1/Unity.app/Contents/Tools/UnityShaderCompiler
Launched and connected shader compiler UnityShaderCompiler after 0.03 seconds
Refreshing native plugins compatible for Editor in 0.24 ms, found 1 plugins.
Preloading 0 native plugins for Editor in 0.00 ms.
Unloading 1119 Unused Serialized files (Serialized files now loaded: 0)
System memory in use before: 113.1 MB.
System memory in use after: 113.2 MB.

Unloading 10 unused Assets to reduce memory usage. Loaded Objects now: 1562.
Total: 1.314250 ms (FindLiveObjects: 0.129083 ms CreateObjectMapping: 0.023833 ms MarkObjects: 1.076583 ms  DeleteObjects: 0.084000 ms)

========================================================================
Received Import Request.
  path: Assets/Scenes/Example1_1.unity
  artifactKey: Guid(13d5ae45f44454c59a5f0edc18a0d5af) Importer(815301076,1909f56bfc062723c751e8b465ee728b)
Start importing Assets/Scenes/Example1_1.unity using Guid(13d5ae45f44454c59a5f0edc18a0d5af) Importer(815301076,1909f56bfc062723c751e8b465ee728b)  -> (artifact id: 'b6fe18fa9565a4f8d3a72b6d551158c4') in 0.019175 seconds
  Import took 0.021164 seconds .

========================================================================
Received Import Request.
  Time since last request: 7.069257 seconds.
  path: Assets/Scenes/Example1.unity
  artifactKey: Guid(9fc0d4010bbf28b4594072e72b8655ab) Importer(815301076,1909f56bfc062723c751e8b465ee728b)
Start importing Assets/Scenes/Example1.unity using Guid(9fc0d4010bbf28b4594072e72b8655ab) Importer(815301076,1909f56bfc062723c751e8b465ee728b)  -> (artifact id: 'e7889c59a20bf83f883264a74ae9a901') in 0.001588 seconds
  Import took 0.003532 seconds .

========================================================================
Received Import Request.
  Time since last request: 46.010140 seconds.
  path: Assets/playerball.cs
  artifactKey: Guid(b72529a9b433c4c1b9a13da9503d042b) Importer(815301076,1909f56bfc062723c751e8b465ee728b)
Start importing Assets/playerball.cs using Guid(b72529a9b433c4c1b9a13da9503d042b) Importer(815301076,1909f56bfc062723c751e8b465ee728b)  -> (artifact id: '19aae339c2e8d1476bfa5dbb963663ea') in 0.264845 seconds
  Import took 0.266396 seconds .

========================================================================
Received Prepare
Registering precompiled user dll's ...
Registered in 0.000325 seconds.
Begin MonoManager ReloadAssembly
Native extension for OSXStandalone target not found
Native extension for WebGL target not found
Refreshing native plugins compatible for Editor in 0.18 ms, found 1 plugins.
Preloading 0 native plugins for Editor in 0.00 ms.
Invoked RoslynAnalysisRunner static constructor.
RoslynAnalysisRunner will not be running.
RoslynAnalysisRunner has terminated.
Mono: successfully reloaded assembly
- Completed reload, in  1.855 seconds
Platform modules already initialized, skipping
Refreshing native plugins compatible for Editor in 0.17 ms, found 1 plugins.
Preloading 0 native plugins for Editor in 0.00 ms.
Unloading 1114 Unused Serialized files (Serialized files now loaded: 0)
System memory in use before: 117.4 MB.
System memory in use after: 117.5 MB.

Unloading 5 unused Assets to reduce memory usage. Loaded Objects now: 1565.
Total: 2.707042 ms (FindLiveObjects: 0.147917 ms CreateObjectMapping: 0.023958 ms MarkObjects: 2.431000 ms  DeleteObjects: 0.102791 ms)

