Using pre-set license

 COMMAND LINE ARGUMENTS:
/Applications/2020.3.3f1/Unity.app/Contents/MacOS/Unity
-adb2
-batchMode
-noUpm
-name
AssetImportWorker0
-projectPath
/Users/seochan/Documents/chans coding/unity_1/prjoect1
-logFile
Logs/AssetImportWorker0.log
-srvPort
49805
Successfully changed project path to: /Users/seochan/Documents/chans coding/unity_1/prjoect1
/Users/seochan/Documents/chans coding/unity_1/prjoect1
Using Asset Import Pipeline V2.
Refreshing native plugins compatible for Editor in 21.26 ms, found 1 plugins.
Preloading 0 native plugins for Editor in 0.00 ms.
Initialize engine version: 2020.3.3f1 (76626098c1c4)
[Subsystems] Discovering subsystems at path /Applications/2020.3.3f1/Unity.app/Contents/Resources/UnitySubsystems
[Subsystems] Discovering subsystems at path /Users/seochan/Documents/chans coding/unity_1/prjoect1/Assets
GfxDevice: creating device client; threaded=0
2021-04-30 19:38:43.255 Unity[1381:62278] (null) preferred device: Apple M1 (high power)
2021-04-30 19:38:43.255 Unity[1381:62278] Metal devices available: 1
2021-04-30 19:38:43.255 Unity[1381:62278] 0: Apple M1 (high power)
2021-04-30 19:38:43.256 Unity[1381:62278] Using device Apple M1 (high power)
Initializing Metal device caps: Apple M1
Initialize mono
Mono path[0] = '/Applications/2020.3.3f1/Unity.app/Contents/Managed'
Mono path[1] = '/Applications/2020.3.3f1/Unity.app/Contents/MonoBleedingEdge/lib/mono/unityjit'
Mono config path = '/Applications/2020.3.3f1/Unity.app/Contents/MonoBleedingEdge/etc'
Using monoOptions --debugger-agent=transport=dt_socket,embedding=1,server=y,suspend=n,address=127.0.0.1:56381
Begin MonoManager ReloadAssembly
Registering precompiled unity dll's ...
Register platform support module: /Applications/2020.3.3f1/PlaybackEngines/WebGLSupport/UnityEditor.WebGL.Extensions.dll
Register platform support module: /Applications/2020.3.3f1/Unity.app/Contents/PlaybackEngines/MacStandaloneSupport/UnityEditor.OSXStandalone.Extensions.dll
Registered in 0.002124 seconds.
Native extension for OSXStandalone target not found
Native extension for WebGL target not found
Refreshing native plugins compatible for Editor in 21.80 ms, found 1 plugins.
Preloading 0 native plugins for Editor in 0.00 ms.
Invoked RoslynAnalysisRunner static constructor.
RoslynAnalysisRunner will not be running.
RoslynAnalysisRunner has terminated.
Mono: successfully reloaded assembly
- Completed reload, in  1.934 seconds
Platform modules already initialized, skipping
Registering precompiled user dll's ...
Registered in 0.000730 seconds.
Begin MonoManager ReloadAssembly
Native extension for OSXStandalone target not found
Native extension for WebGL target not found
Refreshing native plugins compatible for Editor in 0.17 ms, found 1 plugins.
Preloading 0 native plugins for Editor in 0.00 ms.
Invoked RoslynAnalysisRunner static constructor.
RoslynAnalysisRunner will not be running.
RoslynAnalysisRunner has terminated.
Mono: successfully reloaded assembly
- Completed reload, in  1.759 seconds
Platform modules already initialized, skipping
========================================================================
Worker process is ready to serve import requests
Launching external process: /Applications/2020.3.3f1/Unity.app/Contents/Tools/UnityShaderCompiler
Launched and connected shader compiler UnityShaderCompiler after 0.02 seconds
Refreshing native plugins compatible for Editor in 0.17 ms, found 1 plugins.
Preloading 0 native plugins for Editor in 0.00 ms.
Unloading 1119 Unused Serialized files (Serialized files now loaded: 0)
System memory in use before: 113.3 MB.
System memory in use after: 113.4 MB.

Unloading 10 unused Assets to reduce memory usage. Loaded Objects now: 1562.
Total: 1.420417 ms (FindLiveObjects: 0.130042 ms CreateObjectMapping: 0.023458 ms MarkObjects: 1.187750 ms  DeleteObjects: 0.078291 ms)

========================================================================
Received Import Request.
  path: Assets/playerball.cs
  artifactKey: Guid(b72529a9b433c4c1b9a13da9503d042b) Importer(815301076,1909f56bfc062723c751e8b465ee728b)
Start importing Assets/playerball.cs using Guid(b72529a9b433c4c1b9a13da9503d042b) Importer(815301076,1909f56bfc062723c751e8b465ee728b)  -> (artifact id: '5a99a93df4f1fb9dc74a0be14f75b012') in 0.228448 seconds
  Import took 0.230273 seconds .

========================================================================
Received Import Request.
  Time since last request: 90.039474 seconds.
  path: Assets/Scenes/Example1_2.unity
  artifactKey: Guid(34d95194467da4ae88e9ddcfbe2a1c85) Importer(815301076,1909f56bfc062723c751e8b465ee728b)
Start importing Assets/Scenes/Example1_2.unity using Guid(34d95194467da4ae88e9ddcfbe2a1c85) Importer(815301076,1909f56bfc062723c751e8b465ee728b)  -> (artifact id: '76b89bf0cee8f9d1028fac2c703b3605') in 0.021639 seconds
  Import took 0.023639 seconds .

========================================================================
Received Import Request.
  Time since last request: 13.149314 seconds.
  path: Assets/Scenes/Example1.unity
  artifactKey: Guid(9fc0d4010bbf28b4594072e72b8655ab) Importer(815301076,1909f56bfc062723c751e8b465ee728b)
Start importing Assets/Scenes/Example1.unity using Guid(9fc0d4010bbf28b4594072e72b8655ab) Importer(815301076,1909f56bfc062723c751e8b465ee728b)  -> (artifact id: '1be8fb1cccbf544ac37f9eb6c3d7ec48') in 0.002546 seconds
  Import took 0.004812 seconds .

========================================================================
Received Prepare
Registering precompiled user dll's ...
Registered in 0.000687 seconds.
Begin MonoManager ReloadAssembly
Native extension for OSXStandalone target not found
Native extension for WebGL target not found
Refreshing native plugins compatible for Editor in 0.20 ms, found 1 plugins.
Preloading 0 native plugins for Editor in 0.00 ms.
Invoked RoslynAnalysisRunner static constructor.
RoslynAnalysisRunner will not be running.
RoslynAnalysisRunner has terminated.
Mono: successfully reloaded assembly
- Completed reload, in  1.680 seconds
Platform modules already initialized, skipping
Refreshing native plugins compatible for Editor in 0.17 ms, found 1 plugins.
Preloading 0 native plugins for Editor in 0.00 ms.
Unloading 1114 Unused Serialized files (Serialized files now loaded: 0)
System memory in use before: 117.6 MB.
System memory in use after: 117.7 MB.

Unloading 5 unused Assets to reduce memory usage. Loaded Objects now: 1565.
Total: 1.200625 ms (FindLiveObjects: 0.152833 ms CreateObjectMapping: 0.023041 ms MarkObjects: 0.961959 ms  DeleteObjects: 0.062041 ms)

========================================================================
Received Prepare
Registering precompiled user dll's ...
Registered in 0.000561 seconds.
Begin MonoManager ReloadAssembly
Native extension for OSXStandalone target not found
Native extension for WebGL target not found
Refreshing native plugins compatible for Editor in 0.30 ms, found 1 plugins.
Preloading 0 native plugins for Editor in 0.00 ms.
Invoked RoslynAnalysisRunner static constructor.
RoslynAnalysisRunner will not be running.
RoslynAnalysisRunner has terminated.
Mono: successfully reloaded assembly
- Completed reload, in  1.761 seconds
Platform modules already initialized, skipping
Refreshing native plugins compatible for Editor in 0.17 ms, found 1 plugins.
Preloading 0 native plugins for Editor in 0.00 ms.
Unloading 1114 Unused Serialized files (Serialized files now loaded: 0)
System memory in use before: 117.8 MB.
System memory in use after: 117.9 MB.

Unloading 5 unused Assets to reduce memory usage. Loaded Objects now: 1568.
Total: 1.152083 ms (FindLiveObjects: 0.093959 ms CreateObjectMapping: 0.024500 ms MarkObjects: 0.982500 ms  DeleteObjects: 0.050541 ms)

========================================================================
Received Prepare
Refreshing native plugins compatible for Editor in 0.86 ms, found 1 plugins.
Preloading 0 native plugins for Editor in 0.00 ms.
Unloading 3 Unused Serialized files (Serialized files now loaded: 0)
System memory in use before: 95.9 MB.
System memory in use after: 96.0 MB.

Unloading 3 unused Assets to reduce memory usage. Loaded Objects now: 1568.
Total: 8.975000 ms (FindLiveObjects: 0.226458 ms CreateObjectMapping: 0.021416 ms MarkObjects: 8.626417 ms  DeleteObjects: 0.099917 ms)

========================================================================
Received Prepare
Registering precompiled user dll's ...
Registered in 0.000671 seconds.
Begin MonoManager ReloadAssembly
Native extension for OSXStandalone target not found
Native extension for WebGL target not found
Refreshing native plugins compatible for Editor in 0.17 ms, found 1 plugins.
Preloading 0 native plugins for Editor in 0.00 ms.
Invoked RoslynAnalysisRunner static constructor.
RoslynAnalysisRunner will not be running.
RoslynAnalysisRunner has terminated.
Mono: successfully reloaded assembly
- Completed reload, in  1.791 seconds
Platform modules already initialized, skipping
Refreshing native plugins compatible for Editor in 0.17 ms, found 1 plugins.
Preloading 0 native plugins for Editor in 0.00 ms.
Unloading 1114 Unused Serialized files (Serialized files now loaded: 0)
System memory in use before: 118.1 MB.
System memory in use after: 118.2 MB.

Unloading 5 unused Assets to reduce memory usage. Loaded Objects now: 1571.
Total: 1.151375 ms (FindLiveObjects: 0.134459 ms CreateObjectMapping: 0.022666 ms MarkObjects: 0.927708 ms  DeleteObjects: 0.065667 ms)

========================================================================
Received Prepare
Registering precompiled user dll's ...
Registered in 0.000528 seconds.
Begin MonoManager ReloadAssembly
Native extension for OSXStandalone target not found
Native extension for WebGL target not found
Refreshing native plugins compatible for Editor in 0.18 ms, found 1 plugins.
Preloading 0 native plugins for Editor in 0.00 ms.
Invoked RoslynAnalysisRunner static constructor.
RoslynAnalysisRunner will not be running.
RoslynAnalysisRunner has terminated.
Mono: successfully reloaded assembly
- Completed reload, in  1.665 seconds
Platform modules already initialized, skipping
Refreshing native plugins compatible for Editor in 0.18 ms, found 1 plugins.
Preloading 0 native plugins for Editor in 0.00 ms.
Unloading 1114 Unused Serialized files (Serialized files now loaded: 0)
System memory in use before: 118.3 MB.
System memory in use after: 118.4 MB.

Unloading 5 unused Assets to reduce memory usage. Loaded Objects now: 1574.
Total: 1.067083 ms (FindLiveObjects: 0.089125 ms CreateObjectMapping: 0.022666 ms MarkObjects: 0.899542 ms  DeleteObjects: 0.054833 ms)

========================================================================
Received Import Request.
  Time since last request: 936.988705 seconds.
  path: Assets/Scenes/Example1_2.unity
  artifactKey: Guid(34d95194467da4ae88e9ddcfbe2a1c85) Importer(815301076,1909f56bfc062723c751e8b465ee728b)
Start importing Assets/Scenes/Example1_2.unity using Guid(34d95194467da4ae88e9ddcfbe2a1c85) Importer(815301076,1909f56bfc062723c751e8b465ee728b)  -> (artifact id: 'c7326dfffe422100b39ba6b467cfbae3') in 0.018672 seconds
  Import took 0.022363 seconds .

========================================================================
Received Prepare
Registering precompiled user dll's ...
Registered in 0.000390 seconds.
Begin MonoManager ReloadAssembly
Native extension for OSXStandalone target not found
Native extension for WebGL target not found
Refreshing native plugins compatible for Editor in 0.21 ms, found 1 plugins.
Preloading 0 native plugins for Editor in 0.00 ms.
Invoked RoslynAnalysisRunner static constructor.
RoslynAnalysisRunner will not be running.
RoslynAnalysisRunner has terminated.
Mono: successfully reloaded assembly
- Completed reload, in  2.077 seconds
Platform modules already initialized, skipping
Refreshing native plugins compatible for Editor in 0.19 ms, found 1 plugins.
Preloading 0 native plugins for Editor in 0.00 ms.
Unloading 1114 Unused Serialized files (Serialized files now loaded: 0)
System memory in use before: 118.5 MB.
System memory in use after: 118.6 MB.

Unloading 5 unused Assets to reduce memory usage. Loaded Objects now: 1577.
Total: 1.904875 ms (FindLiveObjects: 0.164375 ms CreateObjectMapping: 0.023500 ms MarkObjects: 1.603459 ms  DeleteObjects: 0.112083 ms)

========================================================================
Received Prepare
Refreshing native plugins compatible for Editor in 0.41 ms, found 1 plugins.
Preloading 0 native plugins for Editor in 0.00 ms.
Unloading 3 Unused Serialized files (Serialized files now loaded: 0)
System memory in use before: 96.5 MB.
System memory in use after: 96.6 MB.

Unloading 3 unused Assets to reduce memory usage. Loaded Objects now: 1577.
Total: 1.205334 ms (FindLiveObjects: 0.143291 ms CreateObjectMapping: 0.024042 ms MarkObjects: 0.982000 ms  DeleteObjects: 0.054875 ms)

