Using pre-set license

 COMMAND LINE ARGUMENTS:
/Applications/2020.3.3f1/Unity.app/Contents/MacOS/Unity
-adb2
-batchMode
-noUpm
-name
AssetImportWorker0
-projectPath
/Users/seochan/Documents/chans coding/unity_1/fireRun!
-logFile
Logs/AssetImportWorker0.log
-srvPort
49587
Successfully changed project path to: /Users/seochan/Documents/chans coding/unity_1/fireRun!
/Users/seochan/Documents/chans coding/unity_1/fireRun!
Using Asset Import Pipeline V2.
Refreshing native plugins compatible for Editor in 31.48 ms, found 2 plugins.
Preloading 0 native plugins for Editor in 0.00 ms.
Initialize engine version: 2020.3.3f1 (76626098c1c4)
[Subsystems] Discovering subsystems at path /Applications/2020.3.3f1/Unity.app/Contents/Resources/UnitySubsystems
[Subsystems] Discovering subsystems at path /Users/seochan/Documents/chans coding/unity_1/fireRun!/Assets
GfxDevice: creating device client; threaded=0
2021-05-20 13:02:30.930 Unity[7641:67816] (null) preferred device: Apple M1 (high power)
2021-05-20 13:02:30.930 Unity[7641:67816] Metal devices available: 1
2021-05-20 13:02:30.930 Unity[7641:67816] 0: Apple M1 (high power)
2021-05-20 13:02:30.930 Unity[7641:67816] Using device Apple M1 (high power)
Initializing Metal device caps: Apple M1
Initialize mono
Mono path[0] = '/Applications/2020.3.3f1/Unity.app/Contents/Managed'
Mono path[1] = '/Applications/2020.3.3f1/Unity.app/Contents/MonoBleedingEdge/lib/mono/unityjit'
Mono config path = '/Applications/2020.3.3f1/Unity.app/Contents/MonoBleedingEdge/etc'
Using monoOptions --debugger-agent=transport=dt_socket,embedding=1,server=y,suspend=n,address=127.0.0.1:56641
Begin MonoManager ReloadAssembly
Registering precompiled unity dll's ...
Register platform support module: /Applications/2020.3.3f1/PlaybackEngines/WebGLSupport/UnityEditor.WebGL.Extensions.dll
Register platform support module: /Applications/2020.3.3f1/Unity.app/Contents/PlaybackEngines/MacStandaloneSupport/UnityEditor.OSXStandalone.Extensions.dll
Registered in 0.002761 seconds.
Native extension for OSXStandalone target not found
Native extension for WebGL target not found
Refreshing native plugins compatible for Editor in 33.81 ms, found 2 plugins.
Preloading 0 native plugins for Editor in 0.00 ms.
Invoked RoslynAnalysisRunner static constructor.
RoslynAnalysisRunner will not be running.
RoslynAnalysisRunner has terminated.
Mono: successfully reloaded assembly
- Completed reload, in  1.896 seconds
Platform modules already initialized, skipping
Registering precompiled user dll's ...
Registered in 0.000753 seconds.
Begin MonoManager ReloadAssembly
Native extension for OSXStandalone target not found
Native extension for WebGL target not found
Refreshing native plugins compatible for Editor in 32.23 ms, found 2 plugins.
Preloading 0 native plugins for Editor in 0.00 ms.
Invoked RoslynAnalysisRunner static constructor.
RoslynAnalysisRunner will not be running.
RoslynAnalysisRunner has terminated.
Mono: successfully reloaded assembly
- Completed reload, in  1.900 seconds
Platform modules already initialized, skipping
========================================================================
Worker process is ready to serve import requests
Launching external process: /Applications/2020.3.3f1/Unity.app/Contents/Tools/UnityShaderCompiler
Launched and connected shader compiler UnityShaderCompiler after 0.03 seconds
Refreshing native plugins compatible for Editor in 0.32 ms, found 2 plugins.
Preloading 0 native plugins for Editor in 0.00 ms.
Unloading 1811 Unused Serialized files (Serialized files now loaded: 0)
System memory in use before: 146.4 MB.
System memory in use after: 146.3 MB.

Unloading 24 unused Assets to reduce memory usage. Loaded Objects now: 2253.
Total: 1.593875 ms (FindLiveObjects: 0.161708 ms CreateObjectMapping: 0.035875 ms MarkObjects: 1.263333 ms  DeleteObjects: 0.132084 ms)

========================================================================
Received Import Request.
  path: Assets/Vertical 2D Shooting BE4/Demo
  artifactKey: Guid(bdf6f28a93b691f4694e3865cbe940e5) Importer(815301076,1909f56bfc062723c751e8b465ee728b)
Start importing Assets/Vertical 2D Shooting BE4/Demo using Guid(bdf6f28a93b691f4694e3865cbe940e5) Importer(815301076,1909f56bfc062723c751e8b465ee728b)  -> (artifact id: '3afa0968cfac06e4884ca16a33ba3878') in 0.008180 seconds
  Import took 0.010549 seconds .

========================================================================
Received Import Request.
  Time since last request: 0.000251 seconds.
  path: Assets/Vertical 2D Shooting BE4/ReadMe
  artifactKey: Guid(505340f928d81ae48ae4ae7f7e5bdf5a) Importer(815301076,1909f56bfc062723c751e8b465ee728b)
Start importing Assets/Vertical 2D Shooting BE4/ReadMe using Guid(505340f928d81ae48ae4ae7f7e5bdf5a) Importer(815301076,1909f56bfc062723c751e8b465ee728b)  -> (artifact id: 'a37061564f341c36059b5296e9810c37') in 0.000499 seconds
  Import took 0.002140 seconds .

========================================================================
Received Prepare
Registering precompiled user dll's ...
Registered in 0.001081 seconds.
Begin MonoManager ReloadAssembly
Native extension for OSXStandalone target not found
Native extension for WebGL target not found
Refreshing native plugins compatible for Editor in 0.33 ms, found 2 plugins.
Preloading 0 native plugins for Editor in 0.00 ms.
Invoked RoslynAnalysisRunner static constructor.
RoslynAnalysisRunner will not be running.
RoslynAnalysisRunner has terminated.
Mono: successfully reloaded assembly
- Completed reload, in  1.806 seconds
Platform modules already initialized, skipping
Refreshing native plugins compatible for Editor in 0.28 ms, found 2 plugins.
Preloading 0 native plugins for Editor in 0.00 ms.
Unloading 1806 Unused Serialized files (Serialized files now loaded: 0)
System memory in use before: 146.5 MB.
System memory in use after: 146.4 MB.

Unloading 12 unused Assets to reduce memory usage. Loaded Objects now: 2257.
Total: 1.387417 ms (FindLiveObjects: 0.116708 ms CreateObjectMapping: 0.034500 ms MarkObjects: 1.146125 ms  DeleteObjects: 0.089292 ms)

========================================================================
Received Import Request.
  Time since last request: 253.100206 seconds.
  path: Assets/Animation/Boss 0.controller
  artifactKey: Guid(c1282399d68a24c81afb4f87a0cd6e50) Importer(815301076,1909f56bfc062723c751e8b465ee728b)
Start importing Assets/Animation/Boss 0.controller using Guid(c1282399d68a24c81afb4f87a0cd6e50) Importer(815301076,1909f56bfc062723c751e8b465ee728b)  -> (artifact id: '39020a942b450cbab97293e4adb45c48') in 0.729670 seconds
  Import took 0.732673 seconds .

========================================================================
Received Prepare
Registering precompiled user dll's ...
Registered in 0.000796 seconds.
Begin MonoManager ReloadAssembly
Native extension for OSXStandalone target not found
Native extension for WebGL target not found
Refreshing native plugins compatible for Editor in 0.30 ms, found 2 plugins.
Preloading 0 native plugins for Editor in 0.00 ms.
Invoked RoslynAnalysisRunner static constructor.
RoslynAnalysisRunner will not be running.
RoslynAnalysisRunner has terminated.
Mono: successfully reloaded assembly
- Completed reload, in  1.789 seconds
Platform modules already initialized, skipping
Refreshing native plugins compatible for Editor in 0.20 ms, found 2 plugins.
Preloading 0 native plugins for Editor in 0.00 ms.
Unloading 1806 Unused Serialized files (Serialized files now loaded: 0)
System memory in use before: 151.1 MB.
System memory in use after: 151.1 MB.

Unloading 12 unused Assets to reduce memory usage. Loaded Objects now: 2261.
Total: 1.391583 ms (FindLiveObjects: 0.097875 ms CreateObjectMapping: 0.036708 ms MarkObjects: 1.171500 ms  DeleteObjects: 0.084833 ms)

